[ 1.0256678192927455 , 0.0 ],
[ 1.3897280314231468 , 0.01 ],
[ 1.4582364966746098 , 0.02 ],
[ 1.4905297096871544 , 0.03 ],
[ 1.4386568076691886 , 0.04 ],
[ 1.4500622356905923 , 0.05 ],
[ 1.4234260822834164 , 0.06 ],
[ 1.4395984922730787 , 0.07 ],
[ 1.4091854644966433 , 0.08 ],
[ 1.4068378657054814 , 0.09 ],
[ 1.3862939789144928 , 0.1 ],
[ 1.3552151098772494 , 0.11 ],
[ 1.3928775992601703 , 0.12 ],
[ 1.31182388626694 , 0.13 ],
[ 1.316964440555679 , 0.14 ],
[ 1.3250263205344643 , 0.15 ],
[ 1.3120067041479029 , 0.16 ],
[ 1.2812903857719224 , 0.17 ],
[ 1.222932005898427 , 0.18 ],
[ 1.2584016362992376 , 0.19 ],
[ 1.2589874655037052 , 0.2 ],
Saved figure to ./plots/perf_spectrum.png
Saved figure to ./plots/norm_spectrum.png
